TN:
SF:src\components\ColumnConnection.tsx
FN:10,(anonymous_0)
FN:23,(anonymous_1)
FN:28,(anonymous_2)
FNF:3
FNH:3
FNDA:14,(anonymous_0)
FNDA:26,(anonymous_1)
FNDA:8,(anonymous_2)
DA:10,2
DA:11,14
DA:12,1
DA:13,1
DA:16,13
DA:17,13
DA:18,13
DA:19,13
DA:20,13
DA:21,13
DA:23,13
DA:24,26
DA:25,18
DA:28,8
DA:29,8
DA:30,2
DA:33,6
DA:34,6
DA:35,6
DA:36,6
DA:40,13
DA:41,13
DA:44,13
DA:47,13
DA:49,13
DA:52,13
DA:53,13
DA:55,13
DA:56,13
DA:58,13
DA:65,13
LF:31
LH:31
BRDA:11,0,0,1
BRDA:11,0,1,13
BRDA:11,1,0,14
BRDA:11,1,1,13
BRDA:24,2,0,18
BRDA:24,2,1,8
BRDA:29,3,0,2
BRDA:29,3,1,6
BRDA:41,4,0,1
BRDA:41,4,1,12
BRDA:44,5,0,1
BRDA:44,5,1,12
BRDA:49,6,0,1
BRDA:49,6,1,12
BRDA:60,7,0,1
BRDA:60,7,1,12
BRDA:61,8,0,1
BRDA:61,8,1,12
BRF:18
BRH:18
end_of_record
TN:
SF:src\components\Dataset.tsx
FN:23,(anonymous_0)
FN:38,(anonymous_1)
FN:50,(anonymous_2)
FN:63,(anonymous_3)
FN:72,(anonymous_4)
FN:77,(anonymous_5)
FN:77,(anonymous_6)
FN:82,(anonymous_7)
FN:93,(anonymous_8)
FN:104,(anonymous_9)
FN:148,(anonymous_10)
FN:155,(anonymous_11)
FNF:12
FNH:10
FNDA:366,(anonymous_0)
FNDA:87,(anonymous_1)
FNDA:152,(anonymous_2)
FNDA:0,(anonymous_3)
FNDA:1364,(anonymous_4)
FNDA:682,(anonymous_5)
FNDA:9,(anonymous_6)
FNDA:13,(anonymous_7)
FNDA:13,(anonymous_8)
FNDA:12,(anonymous_9)
FNDA:682,(anonymous_10)
FNDA:0,(anonymous_11)
DA:4,2
DA:5,2
DA:6,2
DA:7,2
DA:8,2
DA:23,2
DA:35,366
DA:36,366
DA:38,366
DA:39,87
DA:40,87
DA:41,87
DA:44,87
DA:49,87
DA:50,152
DA:54,87
DA:57,87
DA:58,1
DA:63,366
DA:64,0
DA:65,0
DA:72,366
DA:73,1364
DA:77,682
DA:78,9
DA:79,9
DA:82,366
DA:84,13
DA:86,12
DA:87,12
DA:90,12
DA:93,12
DA:94,13
DA:95,13
DA:98,13
DA:100,13
DA:104,12
DA:105,12
DA:106,12
DA:109,12
DA:110,12
DA:112,12
DA:116,12
DA:117,12
DA:120,366
DA:149,682
DA:155,0
LF:47
LH:44
BRDA:41,0,0,0
BRDA:41,0,1,87
BRDA:41,1,0,87
BRDA:41,1,1,87
BRDA:57,2,0,1
BRDA:57,2,1,86
BRDA:64,3,0,0
BRDA:64,3,1,0
BRDA:73,4,0,1364
BRDA:73,4,1,30
BRDA:84,5,0,1
BRDA:84,5,1,12
BRDA:98,6,0,0
BRDA:98,6,1,13
BRDA:140,7,0,366
BRDA:140,7,1,1
BRDA:151,8,0,10
BRDA:151,8,1,672
BRF:18
BRH:14
end_of_record
TN:
SF:src\components\Graph.tsx
FN:22,(anonymous_0)
FN:33,(anonymous_1)
FN:41,(anonymous_2)
FN:44,(anonymous_3)
FN:50,(anonymous_4)
FN:51,(anonymous_5)
FN:57,(anonymous_6)
FN:59,(anonymous_7)
FN:63,(anonymous_8)
FN:68,(anonymous_9)
FN:69,(anonymous_10)
FN:77,(anonymous_11)
FN:78,(anonymous_12)
FN:94,(anonymous_13)
FN:95,(anonymous_14)
FN:118,(anonymous_15)
FN:136,(anonymous_16)
FN:157,(anonymous_17)
FN:165,(anonymous_18)
FN:169,(anonymous_19)
FN:191,(anonymous_20)
FN:195,(anonymous_21)
FN:204,(anonymous_22)
FN:208,(anonymous_23)
FN:216,(anonymous_24)
FN:221,(anonymous_25)
FN:225,(anonymous_26)
FN:245,(anonymous_27)
FN:267,(anonymous_28)
FN:279,(anonymous_29)
FN:284,(anonymous_30)
FN:293,(anonymous_31)
FN:305,(anonymous_32)
FN:305,(anonymous_33)
FN:307,(anonymous_34)
FN:314,(anonymous_35)
FN:327,(anonymous_36)
FN:332,(anonymous_37)
FN:333,(anonymous_38)
FN:336,(anonymous_39)
FN:349,(anonymous_40)
FN:350,(anonymous_41)
FN:350,(anonymous_42)
FN:354,(anonymous_43)
FN:362,(anonymous_44)
FN:380,(anonymous_45)
FN:407,(anonymous_46)
FN:449,(anonymous_47)
FN:483,(anonymous_48)
FN:489,(anonymous_49)
FN:490,(anonymous_50)
FN:498,(anonymous_51)
FNF:52
FNH:51
FNDA:34,(anonymous_0)
FNDA:71,(anonymous_1)
FNDA:73,(anonymous_2)
FNDA:33,(anonymous_3)
FNDA:64,(anonymous_4)
FNDA:67,(anonymous_5)
FNDA:7,(anonymous_6)
FNDA:31,(anonymous_7)
FNDA:64,(anonymous_8)
FNDA:64,(anonymous_9)
FNDA:96,(anonymous_10)
FNDA:64,(anonymous_11)
FNDA:96,(anonymous_12)
FNDA:184,(anonymous_13)
FNDA:36,(anonymous_14)
FNDA:46,(anonymous_15)
FNDA:84,(anonymous_16)
FNDA:46,(anonymous_17)
FNDA:152,(anonymous_18)
FNDA:67,(anonymous_19)
FNDA:152,(anonymous_20)
FNDA:3,(anonymous_21)
FNDA:6,(anonymous_22)
FNDA:2,(anonymous_23)
FNDA:2,(anonymous_24)
FNDA:1,(anonymous_25)
FNDA:9,(anonymous_26)
FNDA:11,(anonymous_27)
FNDA:9,(anonymous_28)
FNDA:9,(anonymous_29)
FNDA:2,(anonymous_30)
FNDA:1,(anonymous_31)
FNDA:353,(anonymous_32)
FNDA:7,(anonymous_33)
FNDA:7,(anonymous_34)
FNDA:184,(anonymous_35)
FNDA:21,(anonymous_36)
FNDA:28,(anonymous_37)
FNDA:26,(anonymous_38)
FNDA:26,(anonymous_39)
FNDA:21,(anonymous_40)
FNDA:21,(anonymous_41)
FNDA:21,(anonymous_42)
FNDA:9,(anonymous_43)
FNDA:10,(anonymous_44)
FNDA:1,(anonymous_45)
FNDA:0,(anonymous_46)
FNDA:185,(anonymous_47)
FNDA:353,(anonymous_48)
FNDA:9,(anonymous_49)
FNDA:11,(anonymous_50)
FNDA:9,(anonymous_51)
DA:22,1
DA:23,34
DA:24,34
DA:25,34
DA:26,34
DA:29,34
DA:30,34
DA:33,34
DA:34,71
DA:35,64
DA:37,64
DA:38,64
DA:41,73
DA:44,64
DA:45,33
DA:50,34
DA:51,67
DA:56,34
DA:57,7
DA:59,31
DA:63,34
DA:64,64
DA:65,64
DA:68,64
DA:69,96
DA:70,64
DA:74,64
DA:76,64
DA:77,64
DA:78,96
DA:79,64
DA:82,64
DA:87,64
DA:91,34
DA:94,1
DA:95,184
DA:96,36
DA:97,2
DA:99,34
DA:100,34
DA:103,184
DA:104,184
DA:105,184
DA:106,184
DA:107,184
DA:108,184
DA:113,184
DA:114,184
DA:115,184
DA:116,184
DA:118,184
DA:119,46
DA:126,44
DA:127,44
DA:128,44
DA:131,44
DA:132,44
DA:133,44
DA:134,44
DA:136,44
DA:137,84
DA:138,84
DA:139,84
DA:140,84
DA:144,44
DA:145,44
DA:146,44
DA:149,44
DA:157,184
DA:158,46
DA:159,46
DA:160,46
DA:165,184
DA:166,152
DA:167,152
DA:169,152
DA:170,67
DA:171,67
DA:172,67
DA:173,67
DA:175,67
DA:176,67
DA:177,67
DA:179,67
DA:180,67
DA:181,67
DA:182,67
DA:183,67
DA:190,152
DA:191,152
DA:195,184
DA:197,3
DA:198,3
DA:199,3
DA:200,3
DA:204,184
DA:205,6
DA:206,2
DA:207,2
DA:208,2
DA:216,184
DA:217,2
DA:221,184
DA:222,1
DA:225,184
DA:226,9
DA:227,9
DA:229,9
DA:230,9
DA:231,9
DA:233,9
DA:234,9
DA:235,9
DA:239,9
DA:245,184
DA:246,11
DA:248,9
DA:249,9
DA:250,9
DA:252,9
DA:253,9
DA:255,9
DA:256,9
DA:259,9
DA:260,9
DA:261,9
DA:262,9
DA:264,9
DA:265,9
DA:267,9
DA:279,184
DA:280,9
DA:281,9
DA:284,184
DA:285,2
DA:286,1
DA:288,1
DA:289,1
DA:290,1
DA:293,1
DA:302,2
DA:305,353
DA:307,7
DA:308,7
DA:314,184
DA:315,184
DA:321,10
DA:323,10
DA:324,10
DA:327,10
DA:328,21
DA:329,21
DA:331,21
DA:332,28
DA:333,26
DA:335,21
DA:336,21
DA:337,26
DA:338,11
DA:339,11
DA:343,21
DA:347,10
DA:348,10
DA:349,21
DA:350,21
DA:351,21
DA:354,9
DA:357,10
DA:358,9
DA:359,9
DA:362,9
DA:363,10
DA:368,9
DA:369,9
DA:377,10
DA:380,184
DA:381,1
DA:382,1
DA:384,1
DA:385,1
DA:386,1
DA:389,1
DA:390,1
DA:393,1
DA:394,1
DA:397,1
DA:398,1
DA:399,1
DA:400,1
DA:407,184
DA:408,0
DA:409,0
DA:410,0
DA:411,0
DA:415,184
DA:450,185
DA:451,185
DA:453,185
DA:455,181
DA:456,181
DA:457,181
DA:458,181
DA:460,181
DA:462,181
DA:484,353
DA:489,9
DA:490,11
DA:499,9
LF:208
LH:204
BRDA:33,0,0,38
BRDA:34,1,0,7
BRDA:34,1,1,64
BRDA:37,2,0,64
BRDA:37,2,1,64
BRDA:41,3,0,64
BRDA:41,3,1,3
BRDA:51,4,0,64
BRDA:51,4,1,3
BRDA:56,5,0,3
BRDA:56,5,1,31
BRDA:70,6,0,64
BRDA:70,6,1,0
BRDA:79,7,0,0
BRDA:79,7,1,64
BRDA:96,8,0,2
BRDA:96,8,1,34
BRDA:96,9,0,36
BRDA:96,9,1,35
BRDA:119,10,0,2
BRDA:119,10,1,44
BRDA:119,11,0,46
BRDA:119,11,1,46
BRDA:159,12,0,46
BRDA:159,12,1,0
BRDA:167,13,0,0
BRDA:167,13,1,152
BRDA:197,14,0,3
BRDA:197,14,1,0
BRDA:197,15,0,3
BRDA:197,15,1,0
BRDA:205,16,0,2
BRDA:205,16,1,4
BRDA:226,17,0,0
BRDA:226,17,1,9
BRDA:246,18,0,2
BRDA:246,18,1,9
BRDA:246,19,0,11
BRDA:246,19,1,9
BRDA:285,20,0,1
BRDA:285,20,1,1
BRDA:289,21,0,1
BRDA:289,21,1,0
BRDA:308,22,0,0
BRDA:308,22,1,7
BRDA:308,23,0,7
BRDA:308,23,1,0
BRDA:315,24,0,174
BRDA:315,24,1,10
BRDA:324,25,0,0
BRDA:324,25,1,10
BRDA:327,26,0,10
BRDA:328,27,0,0
BRDA:328,27,1,21
BRDA:331,28,0,21
BRDA:331,28,1,0
BRDA:332,29,0,28
BRDA:332,29,1,15
BRDA:333,30,0,13
BRDA:333,30,1,13
BRDA:337,31,0,11
BRDA:337,31,1,15
BRDA:350,32,0,21
BRDA:350,32,1,21
BRDA:351,33,0,21
BRDA:351,33,1,2
BRDA:362,34,0,9
BRDA:362,34,1,0
BRDA:363,35,0,10
BRDA:363,35,1,9
BRDA:363,35,2,1
BRDA:363,35,3,0
BRDA:368,36,0,9
BRDA:368,36,1,0
BRDA:368,37,0,9
BRDA:368,37,1,0
BRDA:382,38,0,0
BRDA:382,38,1,1
BRDA:408,39,0,0
BRDA:408,39,1,0
BRDA:428,40,0,5
BRDA:428,40,1,179
BRDA:449,41,0,184
BRDA:449,41,1,6
BRDA:453,42,0,4
BRDA:453,42,1,181
BRDA:453,43,0,185
BRDA:453,43,1,181
BRF:88
BRH:68
end_of_record
