TN:
SF:src\components\ColumnConnection.tsx
FN:12,(anonymous_0)
FN:27,(anonymous_1)
FN:33,(anonymous_2)
FNF:3
FNH:3
FNDA:16,(anonymous_0)
FNDA:30,(anonymous_1)
FNDA:30,(anonymous_2)
DA:12,2
DA:13,16
DA:14,1
DA:15,1
DA:18,15
DA:20,15
DA:21,15
DA:22,15
DA:23,15
DA:24,15
DA:25,15
DA:27,15
DA:28,30
DA:29,0
DA:30,0
DA:33,30
DA:34,30
DA:35,2
DA:36,2
DA:39,28
DA:41,28
DA:42,28
DA:43,28
DA:44,28
DA:46,28
DA:47,28
DA:51,15
DA:52,15
DA:54,15
DA:55,15
DA:58,15
DA:59,15
DA:62,15
DA:63,15
DA:65,15
DA:66,15
DA:68,15
DA:71,15
DA:78,15
LF:39
LH:37
BRDA:13,0,0,1
BRDA:13,0,1,15
BRDA:13,1,0,16
BRDA:13,1,1,15
BRDA:28,2,0,0
BRDA:28,2,1,30
BRDA:34,3,0,2
BRDA:34,3,1,28
BRF:8
BRH:7
end_of_record
TN:
SF:src\components\Dataset.tsx
FN:24,(anonymous_0)
FN:40,(anonymous_1)
FN:52,(anonymous_2)
FN:65,(anonymous_3)
FN:74,(anonymous_4)
FN:75,(anonymous_5)
FN:80,(anonymous_6)
FN:85,(anonymous_7)
FN:99,(anonymous_8)
FN:99,(anonymous_9)
FN:105,(anonymous_10)
FN:116,(anonymous_11)
FN:127,(anonymous_12)
FN:172,(anonymous_13)
FN:179,(anonymous_14)
FNF:15
FNH:13
FNDA:390,(anonymous_0)
FNDA:74,(anonymous_1)
FNDA:129,(anonymous_2)
FNDA:0,(anonymous_3)
FNDA:679,(anonymous_4)
FNDA:41,(anonymous_5)
FNDA:1334,(anonymous_6)
FNDA:689,(anonymous_7)
FNDA:645,(anonymous_8)
FNDA:7,(anonymous_9)
FNDA:8,(anonymous_10)
FNDA:10,(anonymous_11)
FNDA:8,(anonymous_12)
FNDA:689,(anonymous_13)
FNDA:0,(anonymous_14)
DA:4,2
DA:5,2
DA:6,2
DA:7,2
DA:8,2
DA:24,2
DA:37,390
DA:38,390
DA:40,390
DA:41,74
DA:42,74
DA:43,74
DA:46,74
DA:47,74
DA:48,74
DA:51,74
DA:52,129
DA:56,74
DA:59,74
DA:60,0
DA:65,390
DA:66,0
DA:67,0
DA:74,390
DA:75,679
DA:76,41
DA:80,390
DA:81,1334
DA:85,390
DA:86,689
DA:88,689
DA:89,10
DA:90,679
DA:91,9
DA:93,626
DA:96,645
DA:99,645
DA:100,7
DA:101,7
DA:102,7
DA:105,390
DA:107,8
DA:109,8
DA:110,8
DA:113,8
DA:116,8
DA:117,10
DA:118,10
DA:121,10
DA:123,10
DA:127,8
DA:128,8
DA:129,8
DA:132,8
DA:133,8
DA:135,8
DA:139,8
DA:140,8
DA:143,390
DA:173,689
DA:179,0
LF:61
LH:57
BRDA:43,0,0,0
BRDA:43,0,1,74
BRDA:43,1,0,74
BRDA:43,1,1,74
BRDA:59,2,0,0
BRDA:59,2,1,74
BRDA:66,3,0,0
BRDA:66,3,1,0
BRDA:76,4,0,41
BRDA:76,4,1,19
BRDA:81,5,0,1334
BRDA:81,5,1,30
BRDA:88,6,0,10
BRDA:88,6,1,679
BRDA:90,7,0,9
BRDA:90,7,1,626
BRDA:107,8,0,0
BRDA:107,8,1,8
BRDA:121,9,0,0
BRDA:121,9,1,10
BRDA:163,10,0,390
BRDA:163,10,1,4
BRF:22
BRH:16
end_of_record
TN:
SF:src\components\Graph.tsx
FN:27,(anonymous_0)
FN:38,(anonymous_1)
FN:46,(anonymous_2)
FN:49,(anonymous_3)
FN:55,(anonymous_4)
FN:56,(anonymous_5)
FN:62,(anonymous_6)
FN:64,(anonymous_7)
FN:68,(anonymous_8)
FN:73,(anonymous_9)
FN:74,(anonymous_10)
FN:82,(anonymous_11)
FN:83,(anonymous_12)
FN:99,(anonymous_13)
FN:100,(anonymous_14)
FN:124,(anonymous_15)
FN:142,(anonymous_16)
FN:173,(anonymous_17)
FN:181,(anonymous_18)
FN:185,(anonymous_19)
FN:212,(anonymous_20)
FN:216,(anonymous_21)
FN:228,(anonymous_22)
FN:234,(anonymous_23)
FN:242,(anonymous_24)
FN:249,(anonymous_25)
FN:253,(anonymous_26)
FN:264,(anonymous_27)
FN:284,(anonymous_28)
FN:306,(anonymous_29)
FN:318,(anonymous_30)
FN:323,(anonymous_31)
FN:338,(anonymous_32)
FN:361,(anonymous_33)
FN:365,(anonymous_34)
FN:368,(anonymous_35)
FN:372,(anonymous_36)
FN:380,(anonymous_37)
FN:405,(anonymous_38)
FN:409,(anonymous_39)
FN:412,(anonymous_40)
FN:416,(anonymous_41)
FN:421,(anonymous_42)
FN:452,(anonymous_43)
FN:489,(anonymous_44)
FN:513,(anonymous_45)
FN:538,(anonymous_46)
FN:563,(anonymous_47)
FN:570,(anonymous_48)
FN:571,(anonymous_49)
FNF:50
FNH:50
FNDA:34,(anonymous_0)
FNDA:71,(anonymous_1)
FNDA:73,(anonymous_2)
FNDA:33,(anonymous_3)
FNDA:64,(anonymous_4)
FNDA:67,(anonymous_5)
FNDA:7,(anonymous_6)
FNDA:31,(anonymous_7)
FNDA:64,(anonymous_8)
FNDA:64,(anonymous_9)
FNDA:96,(anonymous_10)
FNDA:64,(anonymous_11)
FNDA:96,(anonymous_12)
FNDA:180,(anonymous_13)
FNDA:36,(anonymous_14)
FNDA:45,(anonymous_15)
FNDA:82,(anonymous_16)
FNDA:45,(anonymous_17)
FNDA:150,(anonymous_18)
FNDA:66,(anonymous_19)
FNDA:150,(anonymous_20)
FNDA:3,(anonymous_21)
FNDA:6,(anonymous_22)
FNDA:2,(anonymous_23)
FNDA:2,(anonymous_24)
FNDA:2,(anonymous_25)
FNDA:1,(anonymous_26)
FNDA:8,(anonymous_27)
FNDA:10,(anonymous_28)
FNDA:8,(anonymous_29)
FNDA:8,(anonymous_30)
FNDA:7,(anonymous_31)
FNDA:187,(anonymous_32)
FNDA:36,(anonymous_33)
FNDA:49,(anonymous_34)
FNDA:46,(anonymous_35)
FNDA:44,(anonymous_36)
FNDA:23,(anonymous_37)
FNDA:25,(anonymous_38)
FNDA:25,(anonymous_39)
FNDA:31,(anonymous_40)
FNDA:12,(anonymous_41)
FNDA:8,(anonymous_42)
FNDA:1,(anonymous_43)
FNDA:1,(anonymous_44)
FNDA:181,(anonymous_45)
FNDA:11,(anonymous_46)
FNDA:345,(anonymous_47)
FNDA:8,(anonymous_48)
FNDA:10,(anonymous_49)
DA:27,1
DA:28,34
DA:29,34
DA:30,34
DA:31,34
DA:34,34
DA:35,34
DA:38,34
DA:39,71
DA:40,64
DA:42,64
DA:43,64
DA:46,73
DA:49,64
DA:50,33
DA:55,34
DA:56,67
DA:61,34
DA:62,7
DA:64,31
DA:68,34
DA:69,64
DA:70,64
DA:73,64
DA:74,96
DA:75,64
DA:79,64
DA:81,64
DA:82,64
DA:83,96
DA:84,64
DA:87,64
DA:92,64
DA:96,34
DA:99,1
DA:100,180
DA:101,36
DA:102,2
DA:104,34
DA:105,34
DA:108,180
DA:109,180
DA:110,180
DA:111,180
DA:112,180
DA:113,180
DA:114,180
DA:119,180
DA:120,180
DA:121,180
DA:122,180
DA:124,180
DA:125,45
DA:132,43
DA:133,43
DA:134,43
DA:137,43
DA:138,43
DA:139,43
DA:140,43
DA:142,43
DA:143,82
DA:144,82
DA:145,82
DA:146,82
DA:150,43
DA:151,43
DA:152,43
DA:155,43
DA:156,43
DA:157,43
DA:160,43
DA:161,43
DA:162,43
DA:163,43
DA:165,43
DA:173,180
DA:174,45
DA:175,45
DA:176,45
DA:181,180
DA:182,150
DA:183,150
DA:185,150
DA:186,66
DA:187,66
DA:188,66
DA:189,66
DA:192,66
DA:193,66
DA:194,66
DA:197,66
DA:198,66
DA:201,66
DA:202,66
DA:204,66
DA:211,150
DA:212,150
DA:216,180
DA:218,3
DA:219,3
DA:220,3
DA:221,3
DA:228,180
DA:229,6
DA:230,2
DA:231,2
DA:232,2
DA:234,2
DA:242,180
DA:243,2
DA:244,2
DA:245,2
DA:249,180
DA:250,2
DA:251,2
DA:252,1
DA:253,1
DA:264,180
DA:265,8
DA:266,8
DA:268,8
DA:269,8
DA:270,8
DA:272,8
DA:273,8
DA:274,8
DA:278,8
DA:284,180
DA:285,10
DA:287,8
DA:288,8
DA:289,8
DA:291,8
DA:292,8
DA:294,8
DA:295,8
DA:298,8
DA:299,8
DA:300,8
DA:301,8
DA:303,8
DA:304,8
DA:306,8
DA:318,180
DA:319,8
DA:320,8
DA:323,180
DA:325,7
DA:331,7
DA:335,7
DA:338,180
DA:339,187
DA:340,170
DA:349,17
DA:351,17
DA:352,17
DA:355,17
DA:361,17
DA:362,36
DA:363,32
DA:365,49
DA:366,32
DA:368,32
DA:369,46
DA:370,23
DA:371,23
DA:372,44
DA:374,23
DA:375,0
DA:376,0
DA:380,23
DA:381,23
DA:383,19
DA:384,19
DA:385,19
DA:392,19
DA:394,19
DA:400,19
DA:405,17
DA:406,25
DA:407,21
DA:409,25
DA:410,21
DA:412,21
DA:413,31
DA:414,8
DA:415,8
DA:416,12
DA:418,8
DA:421,8
DA:422,8
DA:424,8
DA:425,8
DA:426,0
DA:433,0
DA:435,0
DA:441,8
DA:446,17
DA:447,17
DA:449,17
DA:452,180
DA:453,1
DA:454,1
DA:456,1
DA:457,1
DA:458,1
DA:461,1
DA:462,1
DA:465,1
DA:466,1
DA:469,1
DA:470,1
DA:471,1
DA:472,1
DA:479,180
DA:489,1
DA:514,181
DA:515,181
DA:517,181
DA:519,177
DA:520,177
DA:521,177
DA:522,177
DA:524,177
DA:526,177
DA:539,11
DA:564,345
DA:570,8
DA:571,10
LF:230
LH:225
BRDA:38,0,0,38
BRDA:39,1,0,7
BRDA:39,1,1,64
BRDA:42,2,0,64
BRDA:42,2,1,64
BRDA:46,3,0,64
BRDA:46,3,1,3
BRDA:56,4,0,64
BRDA:56,4,1,3
BRDA:61,5,0,3
BRDA:61,5,1,31
BRDA:75,6,0,64
BRDA:75,6,1,0
BRDA:84,7,0,0
BRDA:84,7,1,64
BRDA:101,8,0,2
BRDA:101,8,1,34
BRDA:101,9,0,36
BRDA:101,9,1,35
BRDA:125,10,0,2
BRDA:125,10,1,43
BRDA:125,11,0,45
BRDA:125,11,1,45
BRDA:175,12,0,45
BRDA:175,12,1,0
BRDA:183,13,0,0
BRDA:183,13,1,150
BRDA:218,14,0,3
BRDA:218,14,1,0
BRDA:218,15,0,3
BRDA:218,15,1,3
BRDA:229,16,0,2
BRDA:229,16,1,4
BRDA:243,17,0,2
BRDA:243,17,1,0
BRDA:251,18,0,1
BRDA:251,18,1,1
BRDA:265,19,0,0
BRDA:265,19,1,8
BRDA:285,20,0,2
BRDA:285,20,1,8
BRDA:285,21,0,10
BRDA:285,21,1,8
BRDA:339,22,0,170
BRDA:339,22,1,17
BRDA:361,23,0,17
BRDA:362,24,0,4
BRDA:362,24,1,32
BRDA:366,25,0,0
BRDA:366,25,1,32
BRDA:368,26,0,32
BRDA:368,26,1,0
BRDA:369,27,0,23
BRDA:369,27,1,23
BRDA:374,28,0,0
BRDA:374,28,1,23
BRDA:374,29,0,23
BRDA:374,29,1,23
BRDA:374,29,2,23
BRDA:381,30,0,4
BRDA:381,30,1,19
BRDA:384,31,0,19
BRDA:384,31,1,0
BRDA:405,32,0,17
BRDA:406,33,0,4
BRDA:406,33,1,21
BRDA:410,34,0,0
BRDA:410,34,1,21
BRDA:412,35,0,21
BRDA:412,35,1,0
BRDA:413,36,0,8
BRDA:413,36,1,23
BRDA:418,37,0,0
BRDA:418,37,1,8
BRDA:418,38,0,8
BRDA:418,38,1,8
BRDA:418,38,2,8
BRDA:422,39,0,0
BRDA:422,39,1,8
BRDA:425,40,0,0
BRDA:425,40,1,8
BRDA:454,41,0,0
BRDA:454,41,1,1
BRDA:492,42,0,5
BRDA:492,42,1,175
BRDA:513,43,0,180
BRDA:513,43,1,6
BRDA:517,44,0,4
BRDA:517,44,1,177
BRDA:517,45,0,181
BRDA:517,45,1,177
BRF:91
BRH:74
end_of_record
